[2025-04-21 17:02:34,911] {analysis.py:102} INFO -  
[2025-04-21 17:02:34,912] {analysis.py:103} INFO - Files in /Volumes/Media/Shared Music/Music Library and also in /Users/timbanks/Music/Music/Media.localized:
[2025-04-21 17:02:34,912] {analysis.py:104} INFO - ["Ab Koster_ L'Archibudelli/Haydn_ The Natural Horn/01 Haydn_ Cassation In D For 4 Horns - 1. Allegro Moderato.m4a",
 "Ab Koster_ L'Archibudelli/Haydn_ The Natural Horn/02 Haydn_ Cassation In D For 4 Horns - 2. Menuet.m4a",
 "Ab Koster_ L'Archibudelli/Haydn_ The Natural Horn/03 Haydn_ Cassation In D For 4 Horns - 3. Adagio.m4a"]
[2025-04-21 17:02:34,912] {analysis.py:108} INFO -  
[2025-04-21 17:02:34,913] {analysis.py:109} INFO - Files in /Volumes/Media/Shared Music/Music Library not also in /Users/timbanks/Music/Music/Media.localized:
[2025-04-21 17:02:34,913] {analysis.py:110} INFO - ['/1970-1995.m3u8', '/Bedtime.m3u8', '/Christmas.m3u8']
[2025-04-21 17:02:34,913] {analysis.py:113} INFO -  
[2025-04-21 17:02:34,913] {analysis.py:114} INFO - Files in /Users/timbanks/Music/Music/Media.localized missing from /Volumes/Media/Shared Music/Music Library:
[2025-04-21 17:02:34,913] {analysis.py:115} INFO - ['Compilations/New Year Concert 2014/01 Track 01.m4a',
 'Compilations/New Year Concert 2014/02 Track 02.m4a',
 'Compilations/New Year Concert 2014/03 Track 03.m4a',
 'Compilations/New Year Concert 2014/04 Track 04.m4a',
 'Compilations/New Year Concert 2014/05 Track 05.m4a',
 'Compilations/New Year Concert 2014/06 Track 06.m4a',
 'Compilations/New Year Concert 2014/07 Track 07.m4a',
 'Compilations/New Year Concert 2014/08 Track 08.m4a',
 'Django Reinhardt/The Unforgetable.._/11 Limehouse Bluse.m4a',
 'London Cast Recording/The Wizard Of Oz/01 Overture.m4a',
 'London Cast Recording/The Wizard Of Oz/02 Over The Rainbow.m4a',
 'London Cast Recording/The Wizard Of Oz/03 The Twister.m4a',
 'Lydia Mordkovitch/Bach_ Sonatas and Partitas for solo Violin (2)/2-01 Allemanda (Partitia No. 2 in D minor) BWV 1004.m4a',
 'Lydia Mordkovitch/Bach_ Sonatas and Partitas for solo Violin (2)/2-02 Corrente (Partitia No. 2 in D minor) BWV 1004.m4a',
 'Lydia Mordkovitch/Bach_ Sonatas and Partitas for solo Violin (2)/2-03 Sarabanda (Partitia No. 2 in D minor) BWV 1004.m4a',
 'Lydia Mordkovitch/Bach_ Sonatas and Partitas for solo Violin (2)/2-04 Giga (Partitia No. 2 in D minor) BWV 1004.m4a',
 'Lydia Mordkovitch/Bach_ Sonatas and Partitas for solo Violin (2)/2-05 Ciaccona (Partitia No. 2 in D minor) BWV 1004.m4a',
 'Lydia Mordkovitch/Bach_ Sonatas and Partitas for solo Violin (2)/2-06 Adagio (Sonata No. 3 in C major) BWV 1005.m4a',
 'Lydia Mordkovitch/Bach_ Sonatas and Partitas for solo Violin (2)/2-07 Fuga (Sonata No. 2 in C major) BWV 1005.m4a',
 'Lydia Mordkovitch/Bach_ Sonatas and Partitas for solo Violin (2)/2-08 Largo (Sonata No. 2 in C major) BWV 1005.m4a',
 'Lydia Mordkovitch/Bach_ Sonatas and Partitas for solo Violin (2)/2-09 Allegro assai (Sonata No. 2 in C major) BWV 1005.m4a',
 'Lydia Mordkovitch/Bach_ Sonatas and Partitas for solo Violin (2)/2-10 Preludio (Partitia No. 3 in E major) BWV 1006.m4a',
 'Lydia Mordkovitch/Bach_ Sonatas and Partitas for solo Violin (2)/2-11 Loure (Partitia No. 3 in E major) BWV 1006.m4a',
 'Lydia Mordkovitch/Bach_ Sonatas and Partitas for solo Violin (2)/2-12 Gavotte en Rondeaux (Partitia No. 3 in E major) BWV 1006.m4a',
 'Lydia Mordkovitch/Bach_ Sonatas and Partitas for solo Violin (2)/2-13 Menuet I (Partitia No. 3 in E major) BWV 1006.m4a',
 'Lydia Mordkovitch/Bach_ Sonatas and Partitas for solo Violin (2)/2-14 Menuet II (Partitia No. 3 in E major) BWV 1006.m4a',
 'Lydia Mordkovitch/Bach_ Sonatas and Partitas for solo Violin (2)/2-15 Bouree (Partitia No. 3 in E major) BWV 1006.m4a',
 'Lydia Mordkovitch/Bach_ Sonatas and Partitas for solo Violin (2)/2-16 Gigue (Partitia No. 3 in E major) BWV 1006.m4a',
 'Lydia Mordkovitch/Bach_ Sonatas and Partitas for solo Violin/1-02 Fuga (allegro) (Sonata No. 1 G minor) BWV 1001.m4a',
 'Lydia Mordkovitch/Bach_ Sonatas and Partitas for solo Violin/1-03 Siciliana (Sonata No.1 G minor) BWV 1001.m4a',
 'Lydia Mordkovitch/Bach_ Sonatas and Partitas for solo Violin/1-04 Presto (Sonata No. 1 G minor) BWV 1001.m4a',
 'Lydia Mordkovitch/Bach_ Sonatas and Partitas for solo Violin/1-05 I Allemande (Partitia No. 1 in B minor) BWV 1002.m4a',
 'Lydia Mordkovitch/Bach_ Sonatas and Partitas for solo Violin/1-06 I Double (Partitia No.1 in B minor) BWV 1002.m4a',
 'Lydia Mordkovitch/Bach_ Sonatas and Partitas for solo Violin/1-07 II Corrente (Partitia No. 1 in B minor) BWV 1002.m4a',
 'Royal Concertgebouw Orchestra/Strauss, R._ Five Great Tone Poems/2-11 Strauss (R)_ Der Rosenkavalier, Op. 59 - First Suite Of Waltzes.mp3',
 'Salisbury City Band of the Royal British Legion/Banding 2020!/01 British Legion March.m4a',
 'Salisbury City Band of the Royal British Legion/Banding 2020!/02 Glenn Miller in Concert.m4a',
 'Salisbury City Band of the Royal British Legion/Banding 2020!/03 Dance to Your Daddy.m4a',
 'Salisbury City Band of the Royal British Legion/Banding 2020!/04 Blue Moon.m4a',
 'Salisbury City Band of the Royal British Legion/Banding 2020!/05 The Great Escape.m4a',
 'Salisbury City Band of the Royal British Legion/Banding 2020!/06 Whiter Shade of Pale.m4a',
 'Salisbury City Band of the Royal British Legion/Banding 2020!/07 Seventeen Come Sunday.m4a',
 'Salisbury City Band of the Royal British Legion/Banding 2020!/08 Vera Lynn Tribute.m4a',
 'Salisbury City Band of the Royal British Legion/Banding 2020!/09 Give My Regards to Broadway.m4a',
 'Salisbury City Band of the Royal British Legion/Banding 2020!/10 Blaze Away.m4a',
 'Salisbury City Band of the Royal British Legion/Banding 2020!/11 Christmas Festival.m4a',
 "Tim Banks/Just Practicin'/Bach Cello Suite no 3. Courante.m4a",
 "Tim Banks/Just Practicin'/Haydn Horn Co No 1 I - Allegro.m4a",
 "Tim Banks/Just Practicin'/Haydn Horn Co No 1 II - Adagio.m4a",
 "Tim Banks/Just Practicin'/Haydn Horn Concerto No 1, III. Allegro.m4a",
 "Tim Banks/Just Practicin'/Pastime with Good Company.m4a",
 'Unknown Artist/Sawyer_ Concerto for Cello and Orchestra/01 Philip Sawyers_ Concerto for Cello and Orchestra PREMIX.mp3',
 'Unknown Artist/Unknown Album/01 Track 01.m4a',
 'Unknown Artist/Unknown Album/02 Track 02.m4a',
 'Unknown Artist/Unknown Album/03 Track 03.m4a',
 'Unknown Artist/Unknown Album/04 Track 04.m4a',
 'Unknown Artist/Unknown Album/05 Track 05.m4a',
 'Unknown Artist/Unknown Album/06 Track 06.m4a',
 'Unknown Artist/Unknown Album/07 Track 07.m4a',
 'Unknown Artist/Unknown Album/08 Track 08.m4a',
 'Unknown Artist/Unknown Album/220906_0052_3-4.wav',
 'Unknown Artist/Unknown Album/230126_0075.wav',
 'Unknown Artist/Unknown Album/Beethoven 2nd Symphony Intro (Part).mp3',
 "Unknown Artist/Unknown Album/Beethoven's little pigs.mp3",
 'Unknown Artist/Unknown Album/BlazeTk15.m4a',
 'Unknown Artist/Unknown Album/Folk Songs.mp3',
 'Unknown Artist/Unknown Album/IGotRhythm.mp3',
 'Unknown Artist/Unknown Album/Lost chord.m4a',
 'Unknown Artist/Unknown Album/LvB 2-1 Adagio - Allegro.wav',
 'Unknown Artist/Unknown Album/LvB 2-2 Larghetto.wav',
 'Unknown Artist/Unknown Album/LvB 2-3 -4.wav',
 'Unknown Artist/Unknown Album/LvB 2-3 Allegro molto.wav',
 'Unknown Artist/Unknown Album/LvB 2-3 Scherzo Allegro 1.wav',
 'Unknown Artist/Unknown Album/LvB 2-3 Scherzo Allegro 2.wav',
 'Unknown Artist/Unknown Album/LvB 2-3 Scherzo Allegro.wav',
 'Unknown Artist/Unknown Album/LvB 2-4 Allegro molto.wav',
 'Unknown Artist/Unknown Album/PMLP833783-CDitM_-_Score.mp3',
 'Unknown Artist/Unknown Album/Pastime.mp3',
 'Unknown Artist/Unknown Album/TLP Huff Puff with Beethoven 2.mp3',
 'Unknown Artist/Unknown Album/The Three Little Pigs (and Beethoven too) Ch3.mp3',
 'Unknown Artist/Unknown Album/The Three Little Pigs (and Beethoven too).mp3',
 'Unknown Artist/Unknown Album/The Three Little Pigs and Beethoven too.mp3',
 'Unknown Artist/Unknown Album/The Truth From Above.mp3',
 'Unknown Artist/Unknown Album/Valse des Fleurs (2 midi hns)-2.m4a',
 'Unknown Artist/Unknown Album/Valse des Fleurs (2)-2.m4a',
 'Unknown Artist/Unknown Album/Valse des Fleurs midi-1.mp3',
 'Unknown Artist/Unknown Album/Valse des Fleurs midi.mp3',
 'Unknown Artist/Unknown Album/Winchester Chamber Orchestra In Rehearsal - Beethoven 2nd Symph.mp3',
 'Unknown Artist/Unknown Album/_LvB - The Three Little Pigs 1.mp3',
 'Unknown Artist/Unknown Album/_LvB - The Three Little Pigs.mp3',
 'Unknown Artist/Unknown Album/message.wav',
 'Unknown Artist/Unknown Album/tlp123.mp3',
 'Various Artists/Brahms_ Concertos for Piano and Violin/1-01 Maestoso - Piano Concerto No.1 in D Minor, op.15.m4a',
 'Various Artists/Brahms_ Concertos for Piano and Violin/1-02 Brahms_ Piano Concerto #1 In D Minor, Op. 15 - 2. Adagio.m4a',
 'Various Artists/Brahms_ Concertos for Piano and Violin/1-03 Rondo_ Allegro non troppo - Piano Concerto No.1 in D Minor, op.15.m4a',
 'Various Artists/Brahms_ Concertos for Piano and Violin/1-04 Allegro non troppo - Violin Concerto in D Major, op.77.m4a']
[2025-04-21 17:02:34,914] {analysis.py:118} INFO -  
[2025-04-21 17:02:34,914] {analysis.py:119} INFO - Files in /Volumes/Media/Shared Music/Music Library with '1' suffix (duplicates?):
[2025-04-21 17:02:34,914] {analysis.py:120} INFO - ['Arthur Grumiaux, Christiane Jaccottet, Philippe Mermoud/Bach_ Complete Violin Sonatas, BWV 1014-1023/1-05 Bach_ Violin Sonata #2 In A, BWV 1015 - Mvt. 1.m4a',
 'Arthur Grumiaux, Christiane Jaccottet, Philippe Mermoud/Bach_ Complete Violin Sonatas, BWV 1014-1023 (2)/2-15 Bach_ Violin Sonata In F, BWV 1022 - Mvt. 1.m4a',
 'Charles Dutoit_ Montreal Symphony Orchestra/Tchaikovsky_ Symphony #6, Romeo & Juliet Overture/05 Tchaikovsky_ Romeo & Juliet Overture, Op. 21 1.m4a',
 'Compilations/Ravel_ Piano Concertos; Debussy_ Fantasy For Piano & Orchestra/06 Ravel_ Piano Concerto In D For The Left Hand - 3. Tempo 1.m4a',
 'Eels/Souljacker/05 Souljacker Part 1.m4a',
 'Jacques Loussier/The Best Of Bach/07 Prelude No. 1.m4a',
 'Julian Bream, John Williams/Together/2-01 Lawes_ Suite For 2 Guitars - Corant 1.m4a',
 'Polish National Radio Symphony Orchestra/Glazunov_Dvořák_ Violin Concertos/05 Dvořák_ Romance for Violin and Orchestra in F minor, Op. 1.mp3',
 'R.E.M_/Automatic For The People/05 New Orleans Instrumental No. 1.m4a',
 'Royal Concertgebouw Orchestra/Shostakovich_ The Jazz Album/10 Shostakovich_ Jazz Suite #2 - Dance 1.m4a',
 'Royal Concertgebouw Orchestra/Shostakovich_ The Jazz Album/11 Shostakovich_ Jazz Suite #2 - Waltz 1.m4a',
 'Vienna Symphony Orchestra/Brahms_ Symphonies (2)/2-07 Brahms_ Symphony #4 In E Minor, Op. 98 - 3. Allegro Giocoso, Poco Meno Presto, Tempo 1.m4a']
[2025-04-21 18:40:55,853] {metadataCleaning.py:109} INFO -  
[2025-04-21 18:40:55,854] {metadataCleaning.py:111} INFO - Files in /Volumes/Media/Shared Music/MusicMP3 with over-long metadata (title over 30 characters:
[2025-04-21 18:40:55,854] {metadataCleaning.py:112} INFO - ['Music/Trevor Pinnock/Bach_ 6 Partitas, Goldberg Variations, French Overture, Italian Concerto/1-01 Partita No. 1 in B-Flat, BWV 825_ I. Praeludium.mp3',
 'Music/Trevor Pinnock/Bach_ 6 Partitas, Goldberg Variations, French Overture, Italian Concerto/1-02 Partita No. 1 in B-Flat, BWV 825_ II. Allemande.mp3',
 'Music/Trevor Pinnock/Bach_ 6 Partitas, Goldberg Variations, French Overture, Italian Concerto/1-03 Partita No. 1 in B-Flat, BWV 825_ III. Corrente.mp3',
 'Music/Trevor Pinnock/Bach_ 6 Partitas, Goldberg Variations, French Overture, Italian Concerto/1-04 Partita No. 1 in B-Flat, BWV 825_ IV. Sarabande.mp3',
 'Music/Trevor Pinnock/Bach_ 6 Partitas, Goldberg Variations, French Overture, Italian Concerto/1-05 Partita No. 1 in B-Flat, BWV 825_ V.Menuet I - VI. Menuet II.mp3',
 'Music/Trevor Pinnock/Bach_ 6 Partitas, Goldberg Variations, French Overture, Italian Concerto/1-06 Partita No. 1 in B-Flat, BWV 825_ VII. Giga.mp3',
 'Music/Trevor Pinnock/Bach_ 6 Partitas, Goldberg Variations, French Overture, Italian Concerto/1-07 Partita No. 2 in C Minor, BWV 826_ I. Sinfonia (Grave adagio - Andante).mp3',
 'Music/Trevor Pinnock/Bach_ 6 Partitas, Goldberg Variations, French Overture, Italian Concerto/1-08 Partita No. 2 in C Minor, BWV 826_ II. Allemande.mp3',
 'Music/Trevor Pinnock/Bach_ 6 Partitas, Goldberg Variations, French Overture, Italian Concerto/1-09 Partita No. 2 in C Minor, BWV 826_ III. Courante.mp3',
 'Music/Trevor Pinnock/Bach_ 6 Partitas, Goldberg Variations, French Overture, Italian Concerto/1-10 Partita No. 2 in C Minor, BWV 826_ IV. Sarabande.mp3',
 'Music/Trevor Pinnock/Bach_ 6 Partitas, Goldberg Variations, French Overture, Italian Concerto/1-11 Partita No. 2 in C Minor, BWV 826_ V. Rondeaux.mp3',
 'Music/Trevor Pinnock/Bach_ 6 Partitas, Goldberg Variations, French Overture, Italian Concerto/1-12 Partita No. 2 in C Minor, BWV 826_ VI. Capriccio.mp3',
 'Music/Trevor Pinnock/Bach_ 6 Partitas, Goldberg Variations, French Overture, Italian Concerto/1-13 Partita No. 3 in A Minor, BWV 827_ I. Fantasia.mp3',
 'Music/Trevor Pinnock/Bach_ 6 Partitas, Goldberg Variations, French Overture, Italian Concerto/1-14 Partita No. 3 in A Minor, BWV 827_ II. Allemande.mp3',
 'Music/Trevor Pinnock/Bach_ 6 Partitas, Goldberg Variations, French Overture, Italian Concerto/1-15 Partita No. 3 in A Minor, BWV 827_ III. Corrente.mp3',
 'Music/Trevor Pinnock/Bach_ 6 Partitas, Goldberg Variations, French Overture, Italian Concerto/1-16 Partita No. 3 in A Minor, BWV 827_ IV. Sarabande.mp3',
 'Music/Trevor Pinnock/Bach_ 6 Partitas, Goldberg Variations, French Overture, Italian Concerto/1-17 Partita No. 3 in A Minor, BWV 827_ V. Burlesca.mp3',
 'Music/Trevor Pinnock/Bach_ 6 Partitas, Goldberg Variations, French Overture, Italian Concerto/1-18 Partita No. 3 in A Minor, BWV 827_ VI. Scherzo.mp3',
 'Music/Trevor Pinnock/Bach_ 6 Partitas, Goldberg Variations, French Overture, Italian Concerto/1-19 Partita No. 3 in A Minor, BWV 827_ VII. Gigue.mp3',
 'Music/Trevor Pinnock/Bach_ 6 Partitas, Goldberg Variations, French Overture, Italian Concerto/1-20 Partita No. 5 in G, BWV 829_ I. Praeambulum.mp3',
 'Music/Trevor Pinnock/Bach_ 6 Partitas, Goldberg Variations, French Overture, Italian Concerto/1-21 Partita No. 5 in G, BWV 829_ II. Allemande.mp3',
 'Music/Trevor Pinnock/Bach_ 6 Partitas, Goldberg Variations, French Overture, Italian Concerto/1-22 Partita No. 5 in G, BWV 829_ III. Corrente.mp3',
 'Music/Trevor Pinnock/Bach_ 6 Partitas, Goldberg Variations, French Overture, Italian Concerto/1-23 Partita No. 5 in G, BWV 829_ IV. Sarabande.mp3',
 'Music/Trevor Pinnock/Bach_ 6 Partitas, Goldberg Variations, French Overture, Italian Concerto/1-24 Partita No. 5 in G, BWV 829_ V. Tempo di minuetto.mp3',
 'Music/Trevor Pinnock/Bach_ 6 Partitas, Goldberg Variations, French Overture, Italian Concerto/1-25 Partita No. 5 in G, BWV 829_ VI. Passepied.mp3',
 'Music/Trevor Pinnock/Bach_ 6 Partitas, Goldberg Variations, French Overture, Italian Concerto/1-26 Partita No. 5 in G, BWV 829_ VII. Gigue.mp3',
 'Music/Trevor Pinnock/Bach_ 6 Partitas, Goldberg Variations, French Overture, Italian Concerto/2-01 Partita No. 4 in D, BWV 828_ I. Overture.mp3',
 'Music/Trevor Pinnock/Bach_ 6 Partitas, Goldberg Variations, French Overture, Italian Concerto/2-02 Partita No. 4 in D, BWV 828_ II. Allemande.mp3',
 'Music/Trevor Pinnock/Bach_ 6 Partitas, Goldberg Variations, French Overture, Italian Concerto/2-03 Partita No. 4 in D, BWV 828_ III. Courante.mp3',
 'Music/Trevor Pinnock/Bach_ 6 Partitas, Goldberg Variations, French Overture, Italian Concerto/2-04 Partita No. 4 in D, BWV 828_ IV. Aria.mp3']
[2025-04-21 18:42:24,145] {metadataCleaning.py:109} INFO -  
[2025-04-21 18:42:24,145] {metadataCleaning.py:111} INFO - Files in /Volumes/Media/Shared Music/MusicMP3 with over-long metadata (title over 30 characters:
[2025-04-21 18:42:24,145] {metadataCleaning.py:112} INFO - ['Music/Trevor Pinnock/Bach_ 6 Partitas, Goldberg Variations, French Overture, Italian Concerto/1-01 Partita No. 1 in B-Flat, BWV 825_ I. Praeludium.mp3',
 'Music/Trevor Pinnock/Bach_ 6 Partitas, Goldberg Variations, French Overture, Italian Concerto/1-02 Partita No. 1 in B-Flat, BWV 825_ II. Allemande.mp3',
 'Music/Trevor Pinnock/Bach_ 6 Partitas, Goldberg Variations, French Overture, Italian Concerto/1-03 Partita No. 1 in B-Flat, BWV 825_ III. Corrente.mp3',
 'Music/Trevor Pinnock/Bach_ 6 Partitas, Goldberg Variations, French Overture, Italian Concerto/1-04 Partita No. 1 in B-Flat, BWV 825_ IV. Sarabande.mp3',
 'Music/Trevor Pinnock/Bach_ 6 Partitas, Goldberg Variations, French Overture, Italian Concerto/1-05 Partita No. 1 in B-Flat, BWV 825_ V.Menuet I - VI. Menuet II.mp3',
 'Music/Trevor Pinnock/Bach_ 6 Partitas, Goldberg Variations, French Overture, Italian Concerto/1-06 Partita No. 1 in B-Flat, BWV 825_ VII. Giga.mp3',
 'Music/Trevor Pinnock/Bach_ 6 Partitas, Goldberg Variations, French Overture, Italian Concerto/1-07 Partita No. 2 in C Minor, BWV 826_ I. Sinfonia (Grave adagio - Andante).mp3',
 'Music/Trevor Pinnock/Bach_ 6 Partitas, Goldberg Variations, French Overture, Italian Concerto/1-08 Partita No. 2 in C Minor, BWV 826_ II. Allemande.mp3',
 'Music/Trevor Pinnock/Bach_ 6 Partitas, Goldberg Variations, French Overture, Italian Concerto/1-09 Partita No. 2 in C Minor, BWV 826_ III. Courante.mp3',
 'Music/Trevor Pinnock/Bach_ 6 Partitas, Goldberg Variations, French Overture, Italian Concerto/1-10 Partita No. 2 in C Minor, BWV 826_ IV. Sarabande.mp3',
 'Music/Trevor Pinnock/Bach_ 6 Partitas, Goldberg Variations, French Overture, Italian Concerto/1-11 Partita No. 2 in C Minor, BWV 826_ V. Rondeaux.mp3',
 'Music/Trevor Pinnock/Bach_ 6 Partitas, Goldberg Variations, French Overture, Italian Concerto/1-12 Partita No. 2 in C Minor, BWV 826_ VI. Capriccio.mp3',
 'Music/Trevor Pinnock/Bach_ 6 Partitas, Goldberg Variations, French Overture, Italian Concerto/1-13 Partita No. 3 in A Minor, BWV 827_ I. Fantasia.mp3',
 'Music/Trevor Pinnock/Bach_ 6 Partitas, Goldberg Variations, French Overture, Italian Concerto/1-14 Partita No. 3 in A Minor, BWV 827_ II. Allemande.mp3',
 'Music/Trevor Pinnock/Bach_ 6 Partitas, Goldberg Variations, French Overture, Italian Concerto/1-15 Partita No. 3 in A Minor, BWV 827_ III. Corrente.mp3',
 'Music/Trevor Pinnock/Bach_ 6 Partitas, Goldberg Variations, French Overture, Italian Concerto/1-16 Partita No. 3 in A Minor, BWV 827_ IV. Sarabande.mp3',
 'Music/Trevor Pinnock/Bach_ 6 Partitas, Goldberg Variations, French Overture, Italian Concerto/1-17 Partita No. 3 in A Minor, BWV 827_ V. Burlesca.mp3',
 'Music/Trevor Pinnock/Bach_ 6 Partitas, Goldberg Variations, French Overture, Italian Concerto/1-18 Partita No. 3 in A Minor, BWV 827_ VI. Scherzo.mp3',
 'Music/Trevor Pinnock/Bach_ 6 Partitas, Goldberg Variations, French Overture, Italian Concerto/1-19 Partita No. 3 in A Minor, BWV 827_ VII. Gigue.mp3',
 'Music/Trevor Pinnock/Bach_ 6 Partitas, Goldberg Variations, French Overture, Italian Concerto/1-20 Partita No. 5 in G, BWV 829_ I. Praeambulum.mp3',
 'Music/Trevor Pinnock/Bach_ 6 Partitas, Goldberg Variations, French Overture, Italian Concerto/1-21 Partita No. 5 in G, BWV 829_ II. Allemande.mp3',
 'Music/Trevor Pinnock/Bach_ 6 Partitas, Goldberg Variations, French Overture, Italian Concerto/1-22 Partita No. 5 in G, BWV 829_ III. Corrente.mp3',
 'Music/Trevor Pinnock/Bach_ 6 Partitas, Goldberg Variations, French Overture, Italian Concerto/1-23 Partita No. 5 in G, BWV 829_ IV. Sarabande.mp3',
 'Music/Trevor Pinnock/Bach_ 6 Partitas, Goldberg Variations, French Overture, Italian Concerto/1-24 Partita No. 5 in G, BWV 829_ V. Tempo di minuetto.mp3',
 'Music/Trevor Pinnock/Bach_ 6 Partitas, Goldberg Variations, French Overture, Italian Concerto/1-25 Partita No. 5 in G, BWV 829_ VI. Passepied.mp3',
 'Music/Trevor Pinnock/Bach_ 6 Partitas, Goldberg Variations, French Overture, Italian Concerto/1-26 Partita No. 5 in G, BWV 829_ VII. Gigue.mp3',
 'Music/Trevor Pinnock/Bach_ 6 Partitas, Goldberg Variations, French Overture, Italian Concerto/2-01 Partita No. 4 in D, BWV 828_ I. Overture.mp3',
 'Music/Trevor Pinnock/Bach_ 6 Partitas, Goldberg Variations, French Overture, Italian Concerto/2-02 Partita No. 4 in D, BWV 828_ II. Allemande.mp3',
 'Music/Trevor Pinnock/Bach_ 6 Partitas, Goldberg Variations, French Overture, Italian Concerto/2-03 Partita No. 4 in D, BWV 828_ III. Courante.mp3',
 'Music/Trevor Pinnock/Bach_ 6 Partitas, Goldberg Variations, French Overture, Italian Concerto/2-04 Partita No. 4 in D, BWV 828_ IV. Aria.mp3']
