[2025-04-03 18:34:01,174] {findForgotten.py:127} INFO -  
[2025-04-03 18:34:01,174] {findForgotten.py:128} INFO - m4a or M4A Files in /Volumes/Media/Shared Music/Hidden-m4a/iTunes/Music missing from /Volumes/Media/Shared Music/Music Library:
[2025-04-03 18:34:01,174] {findForgotten.py:129} INFO - ['Frank Sinatra/A Fine Romance (the Love Songs)/.AppleDouble/1-01 Strangers In The Night.m4a',
 "Frank Sinatra/A Fine Romance (the Love Songs)/.AppleDouble/1-02 Somethin' Stupid.m4a",
 "Frank Sinatra/A Fine Romance (the Love Songs)/.AppleDouble/1-03 Let's Fall In Love.m4a",
 "Frank Sinatra/A Fine Romance (the Love Songs)/.AppleDouble/1-04 I've Got A Crush On You.m4a",
 'Frank Sinatra/A Fine Romance (the Love Songs)/.AppleDouble/1-05 Something.m4a',
 'Frank Sinatra/A Fine Romance (the Love Songs)/.AppleDouble/1-06 Night And Day.m4a',
 'Frank Sinatra/A Fine Romance (the Love Songs)/.AppleDouble/1-07 The Way You Look Tonight.m4a',
 'Frank Sinatra/A Fine Romance (the Love Songs)/.AppleDouble/1-08 I Get A Kick Out Of You.m4a',
 'Frank Sinatra/A Fine Romance (the Love Songs)/.AppleDouble/1-09 Moon River.m4a',
 'Frank Sinatra/A Fine Romance (the Love Songs)/.AppleDouble/1-10 Come Fly With Me.m4a',
 'Frank Sinatra/A Fine Romance (the Love Songs)/.AppleDouble/1-11 Come Rain Or Come Shine.m4a',
 "Frank Sinatra/A Fine Romance (the Love Songs)/.AppleDouble/1-12 Love's Been Good To Me.m4a",
 'Frank Sinatra/A Fine Romance (the Love Songs)/.AppleDouble/1-13 Misty.m4a',
 'Frank Sinatra/A Fine Romance (the Love Songs)/.AppleDouble/1-14 More (Theme From Mondo Cane).m4a',
 'Frank Sinatra/A Fine Romance (the Love Songs)/.AppleDouble/1-15 You And The Night And The Music.m4a',
 'Frank Sinatra/A Fine Romance (the Love Songs)/.AppleDouble/1-16 September Song.m4a',
 'Frank Sinatra/A Fine Romance (the Love Songs)/.AppleDouble/1-17 Cycles.m4a',
 'Frank Sinatra/A Fine Romance (the Love Songs)/.AppleDouble/1-18 The Best Is Yet To Come.m4a',
 'Frank Sinatra/A Fine Romance (the Love Songs)/.AppleDouble/1-19 East Of The Sun (And West Of The Moon).m4a',
 "Frank Sinatra/A Fine Romance (the Love Songs)/.AppleDouble/1-20 You'd Be So Easy To Love.m4a",
 'Frank Sinatra/A Fine Romance (the Love Songs)/.AppleDouble/1-21 When Somebody Loves You.m4a',
 'Frank Sinatra/A Fine Romance (the Love Songs)/.AppleDouble/1-22 I Love You.m4a',
 'Frank Sinatra/A Fine Romance (the Love Songs)/.AppleDouble/1-23 Gentle On My Mind.m4a',
 'Frank Sinatra/A Fine Romance (the Love Songs)/.AppleDouble/1-24 It Had To Be You.m4a',
 "Frank Sinatra/A Fine Romance (the Love Songs)/.AppleDouble/1-25 Let's Face The Music And Dance.m4a",
 'Frank Sinatra/A Fine Romance (the Love Songs)/.AppleDouble/2-01 A Fine Romance.m4a',
 "Frank Sinatra/A Fine Romance (the Love Songs)/.AppleDouble/2-02 I've Got You Under My Skin.m4a",
 'Frank Sinatra/A Fine Romance (the Love Songs)/.AppleDouble/2-03 Have You Met Miss Jones_.m4a',
 'Frank Sinatra/A Fine Romance (the Love Songs)/.AppleDouble/2-04 Fly Me To The Moon (In Other Words).m4a',
 'Frank Sinatra/A Fine Romance (the Love Songs)/.AppleDouble/2-05 My Funny Valentine.m4a',
 'Frank Sinatra/A Fine Romance (the Love Songs)/.AppleDouble/2-06 What Is This Thing Called Love.m4a',
 'Frank Sinatra/A Fine Romance (the Love Songs)/.AppleDouble/2-07 Bewitched.m4a',
 'Frank Sinatra/A Fine Romance (the Love Songs)/.AppleDouble/2-08 Call Me Irresponsible.m4a',
 "Frank Sinatra/A Fine Romance (the Love Songs)/.AppleDouble/2-09 I'm Beginning To See The Light.m4a",
 'Frank Sinatra/A Fine Romance (the Love Songs)/.AppleDouble/2-10 The Very Thought Of You.m4a',
 'Frank Sinatra/A Fine Romance (the Love Songs)/.AppleDouble/2-11 Summer Wind.m4a',
 'Frank Sinatra/A Fine Romance (the Love Songs)/.AppleDouble/2-12 Like Someone In Love.m4a',
 'Frank Sinatra/A Fine Romance (the Love Songs)/.AppleDouble/2-13 Quiet Nights Of Quiet Stars (Corcovado).m4a',
 'Frank Sinatra/A Fine Romance (the Love Songs)/.AppleDouble/2-14 Desafinado.m4a',
 'Frank Sinatra/A Fine Romance (the Love Songs)/.AppleDouble/2-15 Wave.m4a',
 'Frank Sinatra/A Fine Romance (the Love Songs)/.AppleDouble/2-16 Watch What Happens.m4a',
 'Frank Sinatra/A Fine Romance (the Love Songs)/.AppleDouble/2-17 I Have Dreamed.m4a',
 'Frank Sinatra/A Fine Romance (the Love Songs)/.AppleDouble/2-18 I Only Have Eyes For You.m4a',
 'Frank Sinatra/A Fine Romance (the Love Songs)/.AppleDouble/2-19 Love Walked In.m4a',
 "Frank Sinatra/A Fine Romance (the Love Songs)/.AppleDouble/2-20 It's Always You.m4a",
 "Frank Sinatra/A Fine Romance (the Love Songs)/.AppleDouble/2-21 They Can't Take That Away From Me.m4a",
 'Frank Sinatra/A Fine Romance (the Love Songs)/.AppleDouble/2-22 The Look Of Love.m4a',
 'Frank Sinatra/A Fine Romance (the Love Songs)/.AppleDouble/2-23 Call Me.m4a',
 'Frank Sinatra/A Fine Romance (the Love Songs)/.AppleDouble/2-24 It Was A Very Good Year.m4a',
 'Frank Sinatra/A Fine Romance (the Love Songs)/.AppleDouble/2-25 All The Way (With Celine Dion).m4a',
 'Glenn Gould/Bach_ The Well-Tempered Clavier, Book 1(2)/.AppleDouble/2-10BA~1.M4A',
 'London Cast Recording/The Wizard Of Oz/.AppleDouble/01 Overture.m4a',
 'London Cast Recording/The Wizard Of Oz/.AppleDouble/02 Over The Rainbow.m4a',
 'London Cast Recording/The Wizard Of Oz/.AppleDouble/03 The Twister.m4a']
[2025-04-03 18:34:01,175] {findForgotten.py:132} INFO -  
[2025-04-03 18:34:01,175] {findForgotten.py:133} INFO - Non m4a/M4A files in /Volumes/Media/Shared Music/Hidden-m4a/iTunes/Music missing from /Volumes/Media/Shared Music/Music Library(ignoring actual file type): 
[2025-04-03 18:34:01,175] {findForgotten.py:134} INFO - []
[2025-04-03 18:34:01,175] {findForgotten.py:138} INFO -  
[2025-04-03 18:34:01,175] {findForgotten.py:139} INFO - Files in /Volumes/Media/Shared Music/Music Library which have m4a versions in /Volumes/Media/Shared Music/Hidden-m4a/iTunes/Music: 
[2025-04-03 18:34:01,175] {findForgotten.py:140} INFO - []
[2025-04-03 18:34:01,266] {findForgotten.py:177} INFO - Copied Frank Sinatra/A Fine Romance (the Love Songs)/.AppleDouble/1-01 Strangers In The Night.m4a to /Volumes/Media/Shared Music/Music Library/Batched Automatically Add to Music.localized/Frank Sinatra/A Fine Romance (the Love Songs)/1-01 Strangers In The Night.m4a. (1 of 54). 
[2025-04-03 18:34:01,424] {findForgotten.py:177} INFO - Copied Frank Sinatra/A Fine Romance (the Love Songs)/.AppleDouble/1-02 Somethin' Stupid.m4a to /Volumes/Media/Shared Music/Music Library/Batched Automatically Add to Music.localized/Frank Sinatra/A Fine Romance (the Love Songs)/1-02 Somethin' Stupid.m4a. (2 of 54). 
[2025-04-03 18:34:01,597] {findForgotten.py:177} INFO - Copied Frank Sinatra/A Fine Romance (the Love Songs)/.AppleDouble/1-03 Let's Fall In Love.m4a to /Volumes/Media/Shared Music/Music Library/Batched Automatically Add to Music.localized/Frank Sinatra/A Fine Romance (the Love Songs)/1-03 Let's Fall In Love.m4a. (3 of 54). 
[2025-04-03 18:34:01,731] {findForgotten.py:177} INFO - Copied Frank Sinatra/A Fine Romance (the Love Songs)/.AppleDouble/1-04 I've Got A Crush On You.m4a to /Volumes/Media/Shared Music/Music Library/Batched Automatically Add to Music.localized/Frank Sinatra/A Fine Romance (the Love Songs)/1-04 I've Got A Crush On You.m4a. (4 of 54). 
[2025-04-03 18:34:01,902] {findForgotten.py:177} INFO - Copied Frank Sinatra/A Fine Romance (the Love Songs)/.AppleDouble/1-05 Something.m4a to /Volumes/Media/Shared Music/Music Library/Batched Automatically Add to Music.localized/Frank Sinatra/A Fine Romance (the Love Songs)/1-05 Something.m4a. (5 of 54). 
[2025-04-03 18:34:02,097] {findForgotten.py:177} INFO - Copied Frank Sinatra/A Fine Romance (the Love Songs)/.AppleDouble/1-06 Night And Day.m4a to /Volumes/Media/Shared Music/Music Library/Batched Automatically Add to Music.localized/Frank Sinatra/A Fine Romance (the Love Songs)/1-06 Night And Day.m4a. (6 of 54). 
[2025-04-03 18:34:02,289] {findForgotten.py:177} INFO - Copied Frank Sinatra/A Fine Romance (the Love Songs)/.AppleDouble/1-07 The Way You Look Tonight.m4a to /Volumes/Media/Shared Music/Music Library/Batched Automatically Add to Music.localized/Frank Sinatra/A Fine Romance (the Love Songs)/1-07 The Way You Look Tonight.m4a. (7 of 54). 
[2025-04-03 18:34:02,518] {findForgotten.py:177} INFO - Copied Frank Sinatra/A Fine Romance (the Love Songs)/.AppleDouble/1-08 I Get A Kick Out Of You.m4a to /Volumes/Media/Shared Music/Music Library/Batched Automatically Add to Music.localized/Frank Sinatra/A Fine Romance (the Love Songs)/1-08 I Get A Kick Out Of You.m4a. (8 of 54). 
[2025-04-03 18:34:02,721] {findForgotten.py:177} INFO - Copied Frank Sinatra/A Fine Romance (the Love Songs)/.AppleDouble/1-09 Moon River.m4a to /Volumes/Media/Shared Music/Music Library/Batched Automatically Add to Music.localized/Frank Sinatra/A Fine Romance (the Love Songs)/1-09 Moon River.m4a. (9 of 54). 
[2025-04-03 18:34:02,891] {findForgotten.py:177} INFO - Copied Frank Sinatra/A Fine Romance (the Love Songs)/.AppleDouble/1-10 Come Fly With Me.m4a to /Volumes/Media/Shared Music/Music Library/Batched Automatically Add to Music.localized/Frank Sinatra/A Fine Romance (the Love Songs)/1-10 Come Fly With Me.m4a. (10 of 54). 
[2025-04-03 18:34:03,088] {findForgotten.py:177} INFO - Copied Frank Sinatra/A Fine Romance (the Love Songs)/.AppleDouble/1-11 Come Rain Or Come Shine.m4a to /Volumes/Media/Shared Music/Music Library/Batched Automatically Add to Music.localized/Frank Sinatra/A Fine Romance (the Love Songs)/1-11 Come Rain Or Come Shine.m4a. (11 of 54). 
[2025-04-03 18:34:03,286] {findForgotten.py:177} INFO - Copied Frank Sinatra/A Fine Romance (the Love Songs)/.AppleDouble/1-12 Love's Been Good To Me.m4a to /Volumes/Media/Shared Music/Music Library/Batched Automatically Add to Music.localized/Frank Sinatra/A Fine Romance (the Love Songs)/1-12 Love's Been Good To Me.m4a. (12 of 54). 
[2025-04-03 18:34:03,482] {findForgotten.py:177} INFO - Copied Frank Sinatra/A Fine Romance (the Love Songs)/.AppleDouble/1-13 Misty.m4a to /Volumes/Media/Shared Music/Music Library/Batched Automatically Add to Music.localized/Frank Sinatra/A Fine Romance (the Love Songs)/1-13 Misty.m4a. (13 of 54). 
[2025-04-03 18:34:03,643] {findForgotten.py:177} INFO - Copied Frank Sinatra/A Fine Romance (the Love Songs)/.AppleDouble/1-14 More (Theme From Mondo Cane).m4a to /Volumes/Media/Shared Music/Music Library/Batched Automatically Add to Music.localized/Frank Sinatra/A Fine Romance (the Love Songs)/1-14 More (Theme From Mondo Cane).m4a. (14 of 54). 
[2025-04-03 18:34:03,853] {findForgotten.py:177} INFO - Copied Frank Sinatra/A Fine Romance (the Love Songs)/.AppleDouble/1-15 You And The Night And The Music.m4a to /Volumes/Media/Shared Music/Music Library/Batched Automatically Add to Music.localized/Frank Sinatra/A Fine Romance (the Love Songs)/1-15 You And The Night And The Music.m4a. (15 of 54). 
[2025-04-03 18:34:04,031] {findForgotten.py:177} INFO - Copied Frank Sinatra/A Fine Romance (the Love Songs)/.AppleDouble/1-16 September Song.m4a to /Volumes/Media/Shared Music/Music Library/Batched Automatically Add to Music.localized/Frank Sinatra/A Fine Romance (the Love Songs)/1-16 September Song.m4a. (16 of 54). 
[2025-04-03 18:34:04,215] {findForgotten.py:177} INFO - Copied Frank Sinatra/A Fine Romance (the Love Songs)/.AppleDouble/1-17 Cycles.m4a to /Volumes/Media/Shared Music/Music Library/Batched Automatically Add to Music.localized/Frank Sinatra/A Fine Romance (the Love Songs)/1-17 Cycles.m4a. (17 of 54). 
[2025-04-03 18:34:04,398] {findForgotten.py:177} INFO - Copied Frank Sinatra/A Fine Romance (the Love Songs)/.AppleDouble/1-18 The Best Is Yet To Come.m4a to /Volumes/Media/Shared Music/Music Library/Batched Automatically Add to Music.localized/Frank Sinatra/A Fine Romance (the Love Songs)/1-18 The Best Is Yet To Come.m4a. (18 of 54). 
[2025-04-03 18:34:04,585] {findForgotten.py:177} INFO - Copied Frank Sinatra/A Fine Romance (the Love Songs)/.AppleDouble/1-19 East Of The Sun (And West Of The Moon).m4a to /Volumes/Media/Shared Music/Music Library/Batched Automatically Add to Music.localized/Frank Sinatra/A Fine Romance (the Love Songs)/1-19 East Of The Sun (And West Of The Moon).m4a. (19 of 54). 
[2025-04-03 18:34:04,767] {findForgotten.py:177} INFO - Copied Frank Sinatra/A Fine Romance (the Love Songs)/.AppleDouble/1-20 You'd Be So Easy To Love.m4a to /Volumes/Media/Shared Music/Music Library/Batched Automatically Add to Music.localized/Frank Sinatra/A Fine Romance (the Love Songs)/1-20 You'd Be So Easy To Love.m4a. (20 of 54). 
[2025-04-03 18:34:04,903] {findForgotten.py:177} INFO - Copied Frank Sinatra/A Fine Romance (the Love Songs)/.AppleDouble/1-21 When Somebody Loves You.m4a to /Volumes/Media/Shared Music/Music Library/Batched Automatically Add to Music.localized/Frank Sinatra/A Fine Romance (the Love Songs)/1-21 When Somebody Loves You.m4a. (21 of 54). 
[2025-04-03 18:34:04,977] {findForgotten.py:177} INFO - Copied Frank Sinatra/A Fine Romance (the Love Songs)/.AppleDouble/1-22 I Love You.m4a to /Volumes/Media/Shared Music/Music Library/Batched Automatically Add to Music.localized/Frank Sinatra/A Fine Romance (the Love Songs)/1-22 I Love You.m4a. (22 of 54). 
[2025-04-03 18:34:05,182] {findForgotten.py:177} INFO - Copied Frank Sinatra/A Fine Romance (the Love Songs)/.AppleDouble/1-23 Gentle On My Mind.m4a to /Volumes/Media/Shared Music/Music Library/Batched Automatically Add to Music.localized/Frank Sinatra/A Fine Romance (the Love Songs)/1-23 Gentle On My Mind.m4a. (23 of 54). 
[2025-04-03 18:34:05,385] {findForgotten.py:177} INFO - Copied Frank Sinatra/A Fine Romance (the Love Songs)/.AppleDouble/1-24 It Had To Be You.m4a to /Volumes/Media/Shared Music/Music Library/Batched Automatically Add to Music.localized/Frank Sinatra/A Fine Romance (the Love Songs)/1-24 It Had To Be You.m4a. (24 of 54). 
[2025-04-03 18:34:05,581] {findForgotten.py:177} INFO - Copied Frank Sinatra/A Fine Romance (the Love Songs)/.AppleDouble/1-25 Let's Face The Music And Dance.m4a to /Volumes/Media/Shared Music/Music Library/Batched Automatically Add to Music.localized/Frank Sinatra/A Fine Romance (the Love Songs)/1-25 Let's Face The Music And Dance.m4a. (25 of 54). 
[2025-04-03 18:34:05,740] {findForgotten.py:177} INFO - Copied Frank Sinatra/A Fine Romance (the Love Songs)/.AppleDouble/2-01 A Fine Romance.m4a to /Volumes/Media/Shared Music/Music Library/Batched Automatically Add to Music.localized/Frank Sinatra/A Fine Romance (the Love Songs)/2-01 A Fine Romance.m4a. (26 of 54). 
[2025-04-03 18:34:05,918] {findForgotten.py:177} INFO - Copied Frank Sinatra/A Fine Romance (the Love Songs)/.AppleDouble/2-02 I've Got You Under My Skin.m4a to /Volumes/Media/Shared Music/Music Library/Batched Automatically Add to Music.localized/Frank Sinatra/A Fine Romance (the Love Songs)/2-02 I've Got You Under My Skin.m4a. (27 of 54). 
[2025-04-03 18:34:06,238] {findForgotten.py:177} INFO - Copied Frank Sinatra/A Fine Romance (the Love Songs)/.AppleDouble/2-03 Have You Met Miss Jones_.m4a to /Volumes/Media/Shared Music/Music Library/Batched Automatically Add to Music.localized/Frank Sinatra/A Fine Romance (the Love Songs)/2-03 Have You Met Miss Jones_.m4a. (28 of 54). 
[2025-04-03 18:34:06,393] {findForgotten.py:177} INFO - Copied Frank Sinatra/A Fine Romance (the Love Songs)/.AppleDouble/2-04 Fly Me To The Moon (In Other Words).m4a to /Volumes/Media/Shared Music/Music Library/Batched Automatically Add to Music.localized/Frank Sinatra/A Fine Romance (the Love Songs)/2-04 Fly Me To The Moon (In Other Words).m4a. (29 of 54). 
[2025-04-03 18:34:06,530] {findForgotten.py:177} INFO - Copied Frank Sinatra/A Fine Romance (the Love Songs)/.AppleDouble/2-05 My Funny Valentine.m4a to /Volumes/Media/Shared Music/Music Library/Batched Automatically Add to Music.localized/Frank Sinatra/A Fine Romance (the Love Songs)/2-05 My Funny Valentine.m4a. (30 of 54). 
[2025-04-03 18:34:06,671] {findForgotten.py:177} INFO - Copied Frank Sinatra/A Fine Romance (the Love Songs)/.AppleDouble/2-06 What Is This Thing Called Love.m4a to /Volumes/Media/Shared Music/Music Library/Batched Automatically Add to Music.localized/Frank Sinatra/A Fine Romance (the Love Songs)/2-06 What Is This Thing Called Love.m4a. (31 of 54). 
[2025-04-03 18:34:06,850] {findForgotten.py:177} INFO - Copied Frank Sinatra/A Fine Romance (the Love Songs)/.AppleDouble/2-07 Bewitched.m4a to /Volumes/Media/Shared Music/Music Library/Batched Automatically Add to Music.localized/Frank Sinatra/A Fine Romance (the Love Songs)/2-07 Bewitched.m4a. (32 of 54). 
[2025-04-03 18:34:07,017] {findForgotten.py:177} INFO - Copied Frank Sinatra/A Fine Romance (the Love Songs)/.AppleDouble/2-08 Call Me Irresponsible.m4a to /Volumes/Media/Shared Music/Music Library/Batched Automatically Add to Music.localized/Frank Sinatra/A Fine Romance (the Love Songs)/2-08 Call Me Irresponsible.m4a. (33 of 54). 
[2025-04-03 18:34:07,182] {findForgotten.py:177} INFO - Copied Frank Sinatra/A Fine Romance (the Love Songs)/.AppleDouble/2-09 I'm Beginning To See The Light.m4a to /Volumes/Media/Shared Music/Music Library/Batched Automatically Add to Music.localized/Frank Sinatra/A Fine Romance (the Love Songs)/2-09 I'm Beginning To See The Light.m4a. (34 of 54). 
[2025-04-03 18:34:07,365] {findForgotten.py:177} INFO - Copied Frank Sinatra/A Fine Romance (the Love Songs)/.AppleDouble/2-10 The Very Thought Of You.m4a to /Volumes/Media/Shared Music/Music Library/Batched Automatically Add to Music.localized/Frank Sinatra/A Fine Romance (the Love Songs)/2-10 The Very Thought Of You.m4a. (35 of 54). 
[2025-04-03 18:34:07,557] {findForgotten.py:177} INFO - Copied Frank Sinatra/A Fine Romance (the Love Songs)/.AppleDouble/2-11 Summer Wind.m4a to /Volumes/Media/Shared Music/Music Library/Batched Automatically Add to Music.localized/Frank Sinatra/A Fine Romance (the Love Songs)/2-11 Summer Wind.m4a. (36 of 54). 
[2025-04-03 18:34:07,735] {findForgotten.py:177} INFO - Copied Frank Sinatra/A Fine Romance (the Love Songs)/.AppleDouble/2-12 Like Someone In Love.m4a to /Volumes/Media/Shared Music/Music Library/Batched Automatically Add to Music.localized/Frank Sinatra/A Fine Romance (the Love Songs)/2-12 Like Someone In Love.m4a. (37 of 54). 
[2025-04-03 18:34:07,914] {findForgotten.py:177} INFO - Copied Frank Sinatra/A Fine Romance (the Love Songs)/.AppleDouble/2-13 Quiet Nights Of Quiet Stars (Corcovado).m4a to /Volumes/Media/Shared Music/Music Library/Batched Automatically Add to Music.localized/Frank Sinatra/A Fine Romance (the Love Songs)/2-13 Quiet Nights Of Quiet Stars (Corcovado).m4a. (38 of 54). 
[2025-04-03 18:34:08,080] {findForgotten.py:177} INFO - Copied Frank Sinatra/A Fine Romance (the Love Songs)/.AppleDouble/2-14 Desafinado.m4a to /Volumes/Media/Shared Music/Music Library/Batched Automatically Add to Music.localized/Frank Sinatra/A Fine Romance (the Love Songs)/2-14 Desafinado.m4a. (39 of 54). 
[2025-04-03 18:34:08,284] {findForgotten.py:177} INFO - Copied Frank Sinatra/A Fine Romance (the Love Songs)/.AppleDouble/2-15 Wave.m4a to /Volumes/Media/Shared Music/Music Library/Batched Automatically Add to Music.localized/Frank Sinatra/A Fine Romance (the Love Songs)/2-15 Wave.m4a. (40 of 54). 
[2025-04-03 18:34:08,461] {findForgotten.py:177} INFO - Copied Frank Sinatra/A Fine Romance (the Love Songs)/.AppleDouble/2-16 Watch What Happens.m4a to /Volumes/Media/Shared Music/Music Library/Batched Automatically Add to Music.localized/Frank Sinatra/A Fine Romance (the Love Songs)/2-16 Watch What Happens.m4a. (41 of 54). 
[2025-04-03 18:34:08,616] {findForgotten.py:177} INFO - Copied Frank Sinatra/A Fine Romance (the Love Songs)/.AppleDouble/2-17 I Have Dreamed.m4a to /Volumes/Media/Shared Music/Music Library/Batched Automatically Add to Music.localized/Frank Sinatra/A Fine Romance (the Love Songs)/2-17 I Have Dreamed.m4a. (42 of 54). 
[2025-04-03 18:34:08,862] {findForgotten.py:177} INFO - Copied Frank Sinatra/A Fine Romance (the Love Songs)/.AppleDouble/2-18 I Only Have Eyes For You.m4a to /Volumes/Media/Shared Music/Music Library/Batched Automatically Add to Music.localized/Frank Sinatra/A Fine Romance (the Love Songs)/2-18 I Only Have Eyes For You.m4a. (43 of 54). 
[2025-04-03 18:34:09,045] {findForgotten.py:177} INFO - Copied Frank Sinatra/A Fine Romance (the Love Songs)/.AppleDouble/2-19 Love Walked In.m4a to /Volumes/Media/Shared Music/Music Library/Batched Automatically Add to Music.localized/Frank Sinatra/A Fine Romance (the Love Songs)/2-19 Love Walked In.m4a. (44 of 54). 
[2025-04-03 18:34:09,206] {findForgotten.py:177} INFO - Copied Frank Sinatra/A Fine Romance (the Love Songs)/.AppleDouble/2-20 It's Always You.m4a to /Volumes/Media/Shared Music/Music Library/Batched Automatically Add to Music.localized/Frank Sinatra/A Fine Romance (the Love Songs)/2-20 It's Always You.m4a. (45 of 54). 
[2025-04-03 18:34:09,386] {findForgotten.py:177} INFO - Copied Frank Sinatra/A Fine Romance (the Love Songs)/.AppleDouble/2-21 They Can't Take That Away From Me.m4a to /Volumes/Media/Shared Music/Music Library/Batched Automatically Add to Music.localized/Frank Sinatra/A Fine Romance (the Love Songs)/2-21 They Can't Take That Away From Me.m4a. (46 of 54). 
[2025-04-03 18:34:09,555] {findForgotten.py:177} INFO - Copied Frank Sinatra/A Fine Romance (the Love Songs)/.AppleDouble/2-22 The Look Of Love.m4a to /Volumes/Media/Shared Music/Music Library/Batched Automatically Add to Music.localized/Frank Sinatra/A Fine Romance (the Love Songs)/2-22 The Look Of Love.m4a. (47 of 54). 
[2025-04-03 18:34:09,716] {findForgotten.py:177} INFO - Copied Frank Sinatra/A Fine Romance (the Love Songs)/.AppleDouble/2-23 Call Me.m4a to /Volumes/Media/Shared Music/Music Library/Batched Automatically Add to Music.localized/Frank Sinatra/A Fine Romance (the Love Songs)/2-23 Call Me.m4a. (48 of 54). 
[2025-04-03 18:34:09,916] {findForgotten.py:177} INFO - Copied Frank Sinatra/A Fine Romance (the Love Songs)/.AppleDouble/2-24 It Was A Very Good Year.m4a to /Volumes/Media/Shared Music/Music Library/Batched Automatically Add to Music.localized/Frank Sinatra/A Fine Romance (the Love Songs)/2-24 It Was A Very Good Year.m4a. (49 of 54). 
[2025-04-03 18:34:10,125] {findForgotten.py:177} INFO - Copied Frank Sinatra/A Fine Romance (the Love Songs)/.AppleDouble/2-25 All The Way (With Celine Dion).m4a to /Volumes/Media/Shared Music/Music Library/Batched Automatically Add to Music.localized/Frank Sinatra/A Fine Romance (the Love Songs)/2-25 All The Way (With Celine Dion).m4a. (50 of 54). 
[2025-04-03 18:34:10,125] {findForgotten.py:177} INFO - Copied Glenn Gould/Bach_ The Well-Tempered Clavier, Book 1(2)/.AppleDouble/2-10BA~1.M4A to /Volumes/Media/Shared Music/Music Library/Batched Automatically Add to Music.localized/Glenn Gould/Bach_ The Well-Tempered Clavier, Book 1(2)/2-10BA~1.M4A. (50 of 54). 
[2025-04-03 18:34:10,284] {findForgotten.py:177} INFO - Copied London Cast Recording/The Wizard Of Oz/.AppleDouble/01 Overture.m4a to /Volumes/Media/Shared Music/Music Library/Batched Automatically Add to Music.localized/London Cast Recording/The Wizard Of Oz/01 Overture.m4a. (51 of 54). 
[2025-04-03 18:34:10,347] {findForgotten.py:177} INFO - Copied London Cast Recording/The Wizard Of Oz/.AppleDouble/02 Over The Rainbow.m4a to /Volumes/Media/Shared Music/Music Library/Batched Automatically Add to Music.localized/London Cast Recording/The Wizard Of Oz/02 Over The Rainbow.m4a. (52 of 54). 
[2025-04-03 18:34:10,540] {findForgotten.py:177} INFO - Copied London Cast Recording/The Wizard Of Oz/.AppleDouble/03 The Twister.m4a to /Volumes/Media/Shared Music/Music Library/Batched Automatically Add to Music.localized/London Cast Recording/The Wizard Of Oz/03 The Twister.m4a. (53 of 54). 
